<?xml version="1.0" encoding="UTF-8"?>
<testsuite name="com.anurag.eduai.uikit.garden.GardenPhase0UnitTest" tests="17" skipped="0" failures="0" errors="0" timestamp="2026-08-03T12:35:52.159Z" hostname="ANURAG_MN_LAPTO" time="0.213">
  <properties/>
  <testcase name="plotGrid_andIsland_andColony_constants" classname="com.anurag.eduai.uikit.garden.GardenPhase0UnitTest" time="0.074"/>
  <testcase name="zone_slotNames_differByTheme_sameSlotIndex" classname="com.anurag.eduai.uikit.garden.GardenPhase0UnitTest" time="0.008"/>
  <testcase name="islandAndColonyScenes_haveCoverAndFocusSpan" classname="com.anurag.eduai.uikit.garden.GardenPhase0UnitTest" time="0.02"/>
  <testcase name="swayDegrees_staysWithinReasonableAmplitude" classname="com.anurag.eduai.uikit.garden.GardenPhase0UnitTest" time="0.006"/>
  <testcase name="portInventory_expectedKotlinFilesPresent" classname="com.anurag.eduai.uikit.garden.GardenPhase0UnitTest" time="0.025"/>
  <testcase name="rememberSceneTime_anchorsOriginInSource" classname="com.anurag.eduai.uikit.garden.GardenPhase0UnitTest" time="0.001"/>
  <testcase name="theme_placeBased_onlyGardenAndOutpost" classname="com.anurag.eduai.uikit.garden.GardenPhase0UnitTest" time="0.0"/>
  <testcase name="islandTerrain_landmassBezierFixPresent" classname="com.anurag.eduai.uikit.garden.GardenPhase0UnitTest" time="0.003"/>
  <testcase name="themeCopy_allFourThemesHaveRequiredStrings" classname="com.anurag.eduai.uikit.garden.GardenPhase0UnitTest" time="0.005"/>
  <testcase name="shade_lightensAndDarkens" classname="com.anurag.eduai.uikit.garden.GardenPhase0UnitTest" time="0.016"/>
  <testcase name="hash_isDeterministicAndInUnitRange" classname="com.anurag.eduai.uikit.garden.GardenPhase0UnitTest" time="0.0"/>
  <testcase name="speciesTable_has48Entries" classname="com.anurag.eduai.uikit.garden.GardenPhase0UnitTest" time="0.001"/>
  <testcase name="habitats_andWorlds_eightPlacesEach" classname="com.anurag.eduai.uikit.garden.GardenPhase0UnitTest" time="0.0"/>
  <testcase name="drawRoundRectCompat_existsForMinSdkCompat" classname="com.anurag.eduai.uikit.garden.GardenPhase0UnitTest" time="0.002"/>
  <testcase name="islandScene_coverModeSkipsMisalignedHitTest" classname="com.anurag.eduai.uikit.garden.GardenPhase0UnitTest" time="0.002"/>
  <testcase name="beachTerrain_seaStopsBeforeBackPlots" classname="com.anurag.eduai.uikit.garden.GardenPhase0UnitTest" time="0.002"/>
  <testcase name="firstFreePlot_returnsLowestHole_notPlantCount" classname="com.anurag.eduai.uikit.garden.GardenPhase0UnitTest" time="0.042"/>
  <system-out><![CDATA[]]></system-out>
  <system-err><![CDATA[]]></system-err>
</testsuite>
