<?xml version='1.0' encoding='UTF-8' ?>
<testsuite name="com.anurag.eduai.uikit.garden.GardenPhase0RenderTest" tests="11" failures="0" errors="0" skipped="0" time="6.388" timestamp="2026-07-31T10:32:09" hostname="localhost">
  <properties>
    <property name="device" value="CPH2661 - 16" />
    <property name="flavor" value="" />
    <property name="project" value=":ui-kit" />
  </properties>
  <testcase name="islandScene_rendersCoverBand" classname="com.anurag.eduai.uikit.garden.GardenPhase0RenderTest" time="0.647" />
  <testcase name="gardenScene_rendersAtWidth98" classname="com.anurag.eduai.uikit.garden.GardenPhase0RenderTest" time="0.358" />
  <testcase name="confettiBurst_firesWithoutCrash" classname="com.anurag.eduai.uikit.garden.GardenPhase0RenderTest" time="0.364" />
  <testcase name="growRail_rendersCompactOnPhoneWidth" classname="com.anurag.eduai.uikit.garden.GardenPhase0RenderTest" time="0.377" />
  <testcase name="colonyScene_rendersCompactFocus" classname="com.anurag.eduai.uikit.garden.GardenPhase0RenderTest" time="0.353" />
  <testcase name="gardenScene_rendersAtWidth180" classname="com.anurag.eduai.uikit.garden.GardenPhase0RenderTest" time="0.291" />
  <testcase name="gardenScene_rendersAtWidth328" classname="com.anurag.eduai.uikit.garden.GardenPhase0RenderTest" time="0.39" />
  <testcase name="colonyScene_rendersCoverBand" classname="com.anurag.eduai.uikit.garden.GardenPhase0RenderTest" time="0.327" />
  <testcase name="islandScene_rendersCompactFocus" classname="com.anurag.eduai.uikit.garden.GardenPhase0RenderTest" time="0.272" />
  <testcase name="bigGrowingItem_rendersAtHomeRailArtSize" classname="com.anurag.eduai.uikit.garden.GardenPhase0RenderTest" time="0.336" />
  <testcase name="outpostScene_rendersAtSceneSegmentWidth" classname="com.anurag.eduai.uikit.garden.GardenPhase0RenderTest" time="0.178" />
</testsuite>